<?xml version="1.0" encoding="UTF-8"?>
<!-- Generated by org.testng.reporters.JUnitReportReporter -->
<testsuite hostname="arun" failures="0" tests="1" name="testScript.UpdateInManageCategoryTest" time="10.513" errors="0" timestamp="2024-07-17T10:57:51 IST" skipped="0">
  <testcase classname="testScript.UpdateInManageCategoryTest" name="verifyTheUserIsAbleToUpdateInManageCategory" time="10.513"/>
</testsuite> <!-- testScript.UpdateInManageCategoryTest -->
