<?xml version="1.0" encoding="UTF-8"?>
<!-- Generated by org.testng.reporters.JUnitReportReporter -->
<testsuite hostname="arun" failures="0" tests="1" name="testScript.AddInSubCategoryTest" time="7.102" errors="0" timestamp="2024-07-18T14:51:51 IST" skipped="0">
  <testcase classname="testScript.AddInSubCategoryTest" name="verifyTheUserIsAbleToAddSubCategory" time="7.102"/>
  <system-out/>
</testsuite> <!-- testScript.AddInSubCategoryTest -->
