<?xml version="1.0" encoding="UTF-8"?>
<!-- Generated by org.testng.reporters.JUnitReportReporter -->
<testsuite hostname="arun" failures="0" tests="3" name="testScript.LoginTest" time="72.666" errors="0" timestamp="2024-07-18T11:15:07 IST" skipped="0">
  <testcase classname="testScript.LoginTest" name="verifyUserLoginWithInvalidCredentials" time="23.578"/>
  <system-out/>
  <testcase classname="testScript.LoginTest" name="verifyUserLoginWithInvalidCredentials" time="24.099"/>
  <system-out/>
  <testcase classname="testScript.LoginTest" name="verifyUserLoginWithInvalidCredentials" time="24.989"/>
  <system-out/>
</testsuite> <!-- testScript.LoginTest -->
