<?xml version="1.0" encoding="UTF-8"?>
<!-- Generated by org.testng.reporters.JUnitReportReporter -->
<testsuite hostname="arun" failures="0" tests="1" name="testScript.ManagePageNewTest" time="9.545" errors="0" timestamp="2024-07-12T10:21:04 IST" skipped="0">
  <testcase classname="testScript.ManagePageNewTest" name="verifyTheUserIsAbleToEnterIntoManagePages" time="9.545"/>
</testsuite> <!-- testScript.ManagePageNewTest -->
