<?xml version="1.0" encoding="UTF-8"?>
<!-- Generated by org.testng.reporters.JUnitReportReporter -->
<testsuite hostname="arun" failures="0" tests="3" name="testScript.LoginTest" time="8.595" errors="0" timestamp="2024-07-24T15:02:45 IST" skipped="0">
  <testcase classname="testScript.LoginTest" name="verifyUserLoginWithInvalidCredentials" time="3.468"/>
  <system-out/>
  <testcase classname="testScript.LoginTest" name="verifyUserLoginWithInvalidCredentials" time="2.449"/>
  <system-out/>
  <testcase classname="testScript.LoginTest" name="verifyUserLoginWithInvalidCredentials" time="2.678"/>
  <system-out/>
</testsuite> <!-- testScript.LoginTest -->
