<?xml version="1.0" encoding="UTF-8"?>
<!-- Generated by org.testng.reporters.JUnitReportReporter -->
<testsuite hostname="arun" failures="0" tests="1" name="testScript.ManagePagesSearchAndDeleteTest" time="4.579" errors="0" timestamp="2024-07-02T09:16:50 IST" skipped="0">
  <testcase classname="testScript.ManagePagesSearchAndDeleteTest" name="verifyTheUserIsAbleToSearchAndDeleteInManagePages" time="4.579"/>
</testsuite> <!-- testScript.ManagePagesSearchAndDeleteTest -->
