<?xml version="1.0" encoding="UTF-8"?>
<!-- Generated by org.testng.reporters.JUnitReportReporter -->
<testsuite hostname="arun" failures="0" tests="1" name="testScript.AddUserInAdminUserTest" time="4.678" errors="0" timestamp="2024-07-24T09:31:25 IST" skipped="0">
  <testcase classname="testScript.AddUserInAdminUserTest" name="verifyTheUserIsAbleToAddUserInAdminUser" time="4.678"/>
  <system-out/>
</testsuite> <!-- testScript.AddUserInAdminUserTest -->
