<?xml version="1.0" encoding="UTF-8"?>
<!-- Generated by org.testng.reporters.JUnitReportReporter -->
<testsuite hostname="arun" failures="0" tests="1" name="testScript.AddInSubCategoryTest" time="13.157" errors="0" timestamp="2024-07-26T12:28:51 IST" skipped="0">
  <testcase classname="testScript.AddInSubCategoryTest" name="verifyTheUserIsAbleToAddSubCategory" time="13.157"/>
  <system-out/>
</testsuite> <!-- testScript.AddInSubCategoryTest -->
