<?xml version="1.0" encoding="UTF-8"?>
<!-- Generated by org.testng.reporters.JUnitReportReporter -->
<testsuite hostname="arun" failures="0" tests="1" name="testScript.AdminUserSearchTest" time="6.157" errors="0" timestamp="2024-07-17T15:54:40 IST" skipped="0">
  <testcase classname="testScript.AdminUserSearchTest" name="verifyTheUserIsAbleToSearchTheUser" time="6.157"/>
  <system-out/>
</testsuite> <!-- testScript.AdminUserSearchTest -->
