<?xml version="1.0" encoding="UTF-8"?>
<!-- Generated by org.testng.reporters.JUnitReportReporter -->
<testsuite hostname="arun" failures="0" tests="1" name="testScript.AddNewsTest" time="6.732" errors="0" timestamp="2024-07-22T14:37:46 IST" skipped="0">
  <testcase classname="testScript.AddNewsTest" name="verifyTheUserIsAbleToAddNews" time="6.732"/>
  <system-out/>
</testsuite> <!-- testScript.AddNewsTest -->
