<?xml version="1.0" encoding="UTF-8"?>
<!-- Generated by org.testng.reporters.JUnitReportReporter -->
<testsuite hostname="arun" failures="0" tests="1" name="testScript.ManagePageNewTest" time="12.233" errors="0" timestamp="2024-07-23T11:24:18 IST" skipped="0">
  <testcase classname="testScript.ManagePageNewTest" name="verifyTheUserIsAbleToEnterIntoManagePages" time="12.233"/>
  <system-out/>
</testsuite> <!-- testScript.ManagePageNewTest -->
