<?xml version="1.0" encoding="UTF-8"?>
<!-- Generated by org.testng.reporters.JUnitReportReporter -->
<testsuite hostname="arun" failures="0" tests="1" name="testScript.ManagePageNewTest" time="7.221" errors="0" timestamp="2024-07-27T20:13:40 IST" skipped="0">
  <testcase classname="testScript.ManagePageNewTest" name="verifyTheUserIsAbleToEnterIntoManagePages" time="7.221"/>
  <system-out/>
</testsuite> <!-- testScript.ManagePageNewTest -->
