<?xml version="1.0" encoding="UTF-8"?>
<!-- Generated by org.testng.reporters.JUnitReportReporter -->
<testsuite hostname="arun" failures="0" tests="1" name="testScript.ManagePageNewTest" time="6.997" errors="0" timestamp="2024-07-05T09:51:06 IST" skipped="0">
  <testcase classname="testScript.ManagePageNewTest" name="verifyTheUserIsAbleToEnterIntoManagePages" time="6.997"/>
</testsuite> <!-- testScript.ManagePageNewTest -->
