<?xml version="1.0" encoding="UTF-8"?>
<!-- Generated by org.testng.reporters.JUnitReportReporter -->
<testsuite hostname="arun" failures="0" tests="1" name="testScript.AdminUserStatusTest" time="5.565" errors="0" timestamp="2024-07-17T16:41:39 IST" skipped="0">
  <testcase classname="testScript.AdminUserStatusTest" name="verifyTheUserIsAbleToChangeTheUserStatus" time="5.565"/>
  <system-out/>
</testsuite> <!-- testScript.AdminUserStatusTest -->
