<?xml version="1.0" encoding="UTF-8"?>
<!-- Generated by org.testng.reporters.JUnitReportReporter -->
<testsuite hostname="arun" failures="0" tests="1" name="testScript.AddInSubCategoryTest" time="6.346" errors="0" timestamp="2024-07-22T13:46:33 IST" skipped="0">
  <testcase classname="testScript.AddInSubCategoryTest" name="verifyTheUserIsAbleToAddSubCategory" time="6.346"/>
  <system-out/>
</testsuite> <!-- testScript.AddInSubCategoryTest -->
