<?xml version="1.0" encoding="UTF-8"?>
<!-- Generated by org.testng.reporters.JUnitReportReporter -->
<testsuite hostname="arun" failures="0" tests="1" name="testScript.AdminUserSearchTest" time="5.445" errors="0" timestamp="2024-07-04T10:52:26 IST" skipped="0">
  <testcase classname="testScript.AdminUserSearchTest" name="verifyTheUserIsAbleToSearchTheUser" time="5.445"/>
</testsuite> <!-- testScript.AdminUserSearchTest -->
