<?xml version="1.0" encoding="UTF-8"?>
<!-- Generated by org.testng.reporters.JUnitReportReporter -->
<testsuite hostname="arun" failures="0" tests="1" name="testScript.AddNewsTest" time="7.397" errors="0" timestamp="2024-07-27T19:54:00 IST" skipped="0">
  <testcase classname="testScript.AddNewsTest" name="verifyTheUserIsAbleToAddNews" time="7.397"/>
  <system-out/>
</testsuite> <!-- testScript.AddNewsTest -->
