<?xml version="1.0" encoding="UTF-8"?>
<!-- Generated by org.testng.reporters.JUnitReportReporter -->
<testsuite hostname="arun" failures="0" tests="1" name="testScript.UpdateInManageCategoryTest" time="8.462" errors="0" timestamp="2024-07-27T20:39:04 IST" skipped="0">
  <testcase classname="testScript.UpdateInManageCategoryTest" name="verifyTheUserIsAbleToUpdateInManageCategory" time="8.462"/>
  <system-out/>
</testsuite> <!-- testScript.UpdateInManageCategoryTest -->
