<?xml version="1.0" encoding="UTF-8"?>
<!-- Generated by org.testng.reporters.JUnitReportReporter -->
<testsuite hostname="arun" failures="0" tests="1" name="testScript.AddNewsTest" time="4.980" errors="0" timestamp="2024-07-04T12:09:00 IST" skipped="0">
  <testcase classname="testScript.AddNewsTest" name="verifyTheUserIsAbleToAddNews" time="4.980"/>
</testsuite> <!-- testScript.AddNewsTest -->
