<?xml version="1.0" encoding="UTF-8"?>
<!-- Generated by org.testng.reporters.JUnitReportReporter -->
<testsuite hostname="arun" failures="0" tests="1" name="testScript.AdminUserStatusTest" time="4.279" errors="0" timestamp="2024-07-03T09:51:05 IST" skipped="0">
  <testcase classname="testScript.AdminUserStatusTest" name="verifyTheUserIsAbleToChangeTheUserStatus" time="4.279"/>
</testsuite> <!-- testScript.AdminUserStatusTest -->
