<?xml version="1.0" encoding="UTF-8"?>
<!-- Generated by org.testng.reporters.JUnitReportReporter -->
<testsuite hostname="arun" failures="0" tests="1" name="testScript.ManageContactTest" time="6.788" errors="0" timestamp="2024-07-27T19:59:58 IST" skipped="0">
  <testcase classname="testScript.ManageContactTest" name="verifyTheUserIsAbleToAccessAndUpdateContactUs" time="6.788"/>
  <system-out/>
</testsuite> <!-- testScript.ManageContactTest -->
