<?xml version="1.0" encoding="UTF-8"?>
<!-- Generated by org.testng.reporters.JUnitReportReporter -->
<testsuite hostname="arun" failures="0" tests="1" name="testScript.LoginTest" time="15.007" errors="0" timestamp="2024-07-17T17:32:48 IST" skipped="0">
  <testcase classname="testScript.LoginTest" name="verifyTheUserIsAbleToLoginUsingInvalidUsernameAndInvalidPassword" time="15.007"/>
  <system-out/>
</testsuite> <!-- testScript.LoginTest -->
