<?xml version="1.0" encoding="UTF-8"?>
<!-- Generated by org.testng.reporters.JUnitReportReporter -->
<testsuite hostname="arun" failures="0" tests="1" name="testScript.ListPagesTest" time="5.605" errors="0" timestamp="2024-07-24T09:31:25 IST" skipped="0">
  <testcase classname="testScript.ListPagesTest" name="verifyTheUserIsAbleToEnterAndDeleteListProducts" time="5.605"/>
  <system-out/>
</testsuite> <!-- testScript.ListPagesTest -->
