<?xml version="1.0" encoding="UTF-8"?>
<!-- Generated by org.testng.reporters.JUnitReportReporter -->
<testsuite hostname="arun" failures="0" tests="1" name="testScript.ManagePageNewTest" time="8.051" errors="0" timestamp="2024-07-24T14:11:44 IST" skipped="0">
  <testcase classname="testScript.ManagePageNewTest" name="verifyTheUserIsAbleToEnterIntoManagePages" time="8.051"/>
  <system-out/>
</testsuite> <!-- testScript.ManagePageNewTest -->
