<?xml version="1.0" encoding="UTF-8"?>
<!-- Generated by org.testng.reporters.JUnitReportReporter -->
<testsuite hostname="arun" failures="0" tests="1" name="testScript.AddUserInAdminUserTest" time="11.119" errors="0" timestamp="2024-07-26T12:30:43 IST" skipped="0">
  <testcase classname="testScript.AddUserInAdminUserTest" name="verifyTheUserIsAbleToAddUserInAdminUser" time="11.119"/>
  <system-out/>
</testsuite> <!-- testScript.AddUserInAdminUserTest -->
