<?xml version="1.0" encoding="UTF-8"?>
<!-- Generated by org.testng.reporters.JUnitReportReporter -->
<testsuite hostname="arun" failures="0" tests="1" name="testScript.ManagePagesSearchAndDeleteTest" time="6.466" errors="0" timestamp="2024-07-17T19:27:54 IST" skipped="0">
  <testcase classname="testScript.ManagePagesSearchAndDeleteTest" name="verifyTheUserIsAbleToSearchAndDeleteInManagePages" time="6.466"/>
  <system-out/>
</testsuite> <!-- testScript.ManagePagesSearchAndDeleteTest -->
