<?xml version="1.0" encoding="UTF-8"?>
<!-- Generated by org.testng.reporters.JUnitReportReporter -->
<testsuite hostname="arun" failures="0" tests="1" name="testScript.UpdateInManageCategoryTest" time="4.480" errors="0" timestamp="2024-07-05T09:47:54 IST" skipped="0">
  <testcase classname="testScript.UpdateInManageCategoryTest" name="verifyTheUserIsAbleToUpdateInManageCategory" time="4.480"/>
</testsuite> <!-- testScript.UpdateInManageCategoryTest -->
