<?xml version="1.0" encoding="UTF-8"?>
<!-- Generated by org.testng.reporters.JUnitReportReporter -->
<testsuite hostname="arun" failures="0" tests="1" name="testScript.AddInSubCategoryTest" time="4.597" errors="0" timestamp="2024-07-05T09:46:20 IST" skipped="0">
  <testcase classname="testScript.AddInSubCategoryTest" name="verifyTheUserIsAbleToAddSubCategory" time="4.597"/>
</testsuite> <!-- testScript.AddInSubCategoryTest -->
