<?xml version="1.0" encoding="UTF-8"?>
<!-- Generated by org.testng.reporters.JUnitReportReporter -->
<testsuite hostname="arun" failures="0" tests="1" name="testScript.ManageContactTest" time="5.005" errors="0" timestamp="2024-06-27T15:10:12 IST" skipped="0">
  <testcase classname="testScript.ManageContactTest" name="verifyTheUserIsAbleToAccessAndUpdateContactUs" time="5.005"/>
</testsuite> <!-- testScript.ManageContactTest -->
