<?xml version="1.0" encoding="UTF-8"?>
<!-- Generated by org.testng.reporters.JUnitReportReporter -->
<testsuite hostname="arun" failures="0" tests="1" name="testScript.AddNewsTest" time="6.239" errors="0" timestamp="2024-07-18T15:23:24 IST" skipped="0">
  <testcase classname="testScript.AddNewsTest" name="verifyTheUserIsAbleToAddNews" time="6.239"/>
  <system-out/>
</testsuite> <!-- testScript.AddNewsTest -->
