<?xml version="1.0" encoding="UTF-8"?>
<!-- Generated by org.testng.reporters.JUnitReportReporter -->
<testsuite hostname="arun" failures="0" tests="1" name="testScript.AddInSubCategoryTest" time="5.343" errors="0" timestamp="2024-07-02T09:23:55 IST" skipped="0">
  <testcase classname="testScript.AddInSubCategoryTest" name="verifyTheUserIsAbleToAddSubCategory" time="5.343"/>
</testsuite> <!-- testScript.AddInSubCategoryTest -->
